#
# A fatal error has been detected by the Java Runtime Environment:
#
#  EXCEPTION_ACCESS_VIOLATION (0xc0000005) at pc=0x000007fee8935380, pid=4168, tid=4284
#
# JRE version: Java(TM) SE Runtime Environment (14.0.1+7) (build 14.0.1+7)
# Java VM: Java HotSpot(TM) 64-Bit Server VM (14.0.1+7, mixed mode, sharing, tiered, compressed oops, g1 gc, windows-amd64)
# Problematic frame:
# C  [net.dll+0x5380]
#
# No core dump will be written. Minidumps are not enabled by default on client versions of Windows
#
# If you would like to submit a bug report, please visit:
#   https://bugreport.java.com/bugreport/crash.jsp
# The crash happened outside the Java Virtual Machine in native code.
# See problematic frame for where to report the bug.
#

---------------  S U M M A R Y ------------

Command Line: -Dcom.sun.management.jmxremote -Dcom.sun.management.jmxremote.port=49672 -Dcom.sun.management.jmxremote.authenticate=false -Dcom.sun.management.jmxremote.ssl=false -Djava.rmi.server.hostname=localhost -Dspring.jmx.enabled=true -Dspring.application.admin.enabled=true -Xverify:none -XX:TieredStopAtLevel=1 -Dspring.boot.project.name=AuthService -Dfile.encoding=UTF-8 com.libraryManagement.AuthServiceApplication

Host: ## __CPU__, 4 cores, 5G,  Windows 7 , 64 bit Build 7601 (6.1.7601.17617)
Time: Mon Aug 10 17:19:56 2020 India Standard Time elapsed time: 8 seconds (0d 0h 0m 8s)

---------------  T H R E A D  ---------------

Current thread (0x0000000022ab2800):  JavaThread "restartedMain" [_thread_in_native, id=4284, stack(0x0000000023a80000,0x0000000023b80000)]

Stack: [0x0000000023a80000,0x0000000023b80000],  sp=0x0000000023b7a660,  free space=1001k
Native frames: (J=compiled Java code, j=interpreted, Vv=VM code, C=native code)
C  [net.dll+0x5380]

Java frames: (J=compiled Java code, j=interpreted, Vv=VM code)
j  java.net.NetworkInterface.getAll()[Ljava/net/NetworkInterface;+0 java.base@14.0.1
j  java.net.NetworkInterface.getNetworkInterfaces()Ljava/util/Enumeration;+0 java.base@14.0.1
j  org.springframework.cloud.commons.util.InetUtils.findFirstNonLoopbackAddress()Ljava/net/InetAddress;+5
j  org.springframework.cloud.commons.util.InetUtils.findFirstNonLoopbackHostInfo()Lorg/springframework/cloud/commons/util/InetUtils$HostInfo;+1
j  org.springframework.cloud.client.discovery.simple.SimpleDiscoveryClientAutoConfiguration.simpleDiscoveryProperties()Lorg/springframework/cloud/client/discovery/simple/SimpleDiscoveryProperties;+37
v  ~StubRoutines::call_stub
J 2533  jdk.internal.reflect.NativeMethodAccessorImpl.invoke0(Ljava/lang/reflect/Method;Ljava/lang/Object;[Ljava/lang/Object;)Ljava/lang/Object; java.base@14.0.1 (0 bytes) @ 0x000000000b8b9fcf [0x000000000b8b9f40+0x000000000000008f]
J 2532 c1 jdk.internal.reflect.NativeMethodAccessorImpl.invoke(Ljava/lang/Object;[Ljava/lang/Object;)Ljava/lang/Object; java.base@14.0.1 (104 bytes) @ 0x000000000b8ba86c [0x000000000b8ba4a0+0x00000000000003cc]
J 2531 c1 jdk.internal.reflect.DelegatingMethodAccessorImpl.invoke(Ljava/lang/Object;[Ljava/lang/Object;)Ljava/lang/Object; java.base@14.0.1 (10 bytes) @ 0x000000000b8b9c84 [0x000000000b8b9c20+0x0000000000000064]
J 2541 c1 java.lang.reflect.Method.invoke(Ljava/lang/Object;[Ljava/lang/Object;)Ljava/lang/Object; java.base@14.0.1 (65 bytes) @ 0x000000000b8bcd84 [0x000000000b8bcc60+0x0000000000000124]
j  org.springframework.beans.factory.support.SimpleInstantiationStrategy.instantiate(Lorg/springframework/beans/factory/support/RootBeanDefinition;Ljava/lang/String;Lorg/springframework/beans/factory/BeanFactory;Ljava/lang/Object;Ljava/lang/reflect/Method;[Ljava/lang/Object;)Ljava/lang/Object;+50
j  org.springframework.beans.factory.support.ConstructorResolver.instantiate(Ljava/lang/String;Lorg/springframework/beans/factory/support/RootBeanDefinition;Ljava/lang/Object;Ljava/lang/reflect/Method;[Ljava/lang/Object;)Ljava/lang/Object;+48
j  org.springframework.beans.factory.support.ConstructorResolver.instantiateUsingFactoryMethod(Ljava/lang/String;Lorg/springframework/beans/factory/support/RootBeanDefinition;[Ljava/lang/Object;)Lorg/springframework/beans/BeanWrapper;+477
J 4483 c1 org.springframework.beans.factory.support.AbstractAutowireCapableBeanFactory.createBeanInstance(Ljava/lang/String;Lorg/springframework/beans/factory/support/RootBeanDefinition;[Ljava/lang/Object;)Lorg/springframework/beans/BeanWrapper; (253 bytes) @ 0x000000000bc0a8ec [0x000000000bc09f80+0x000000000000096c]
J 4490 c1 org.springframework.beans.factory.support.AbstractAutowireCapableBeanFactory.doCreateBean(Ljava/lang/String;Lorg/springframework/beans/factory/support/RootBeanDefinition;[Ljava/lang/Object;)Ljava/lang/Object; (507 bytes) @ 0x000000000bc10b8c [0x000000000bc109e0+0x00000000000001ac]
J 4489 c1 org.springframework.beans.factory.support.AbstractAutowireCapableBeanFactory.createBean(Ljava/lang/String;Lorg/springframework/beans/factory/support/RootBeanDefinition;[Ljava/lang/Object;)Ljava/lang/Object; (247 bytes) @ 0x000000000bc0ef5c [0x000000000bc0e900+0x000000000000065c]
j  org.springframework.beans.factory.support.AbstractBeanFactory.lambda$doGetBean$0(Ljava/lang/String;Lorg/springframework/beans/factory/support/RootBeanDefinition;[Ljava/lang/Object;)Ljava/lang/Object;+4
j  org.springframework.beans.factory.support.AbstractBeanFactory$$Lambda$287.getObject()Ljava/lang/Object;+16
J 4494 c1 org.springframework.beans.factory.support.DefaultSingletonBeanRegistry.getSingleton(Ljava/lang/String;Lorg/springframework/beans/factory/ObjectFactory;)Ljava/lang/Object; (297 bytes) @ 0x000000000bc16364 [0x000000000bc15de0+0x0000000000000584]
J 2795 c1 org.springframework.beans.factory.support.AbstractBeanFactory.doGetBean(Ljava/lang/String;Ljava/lang/Class;[Ljava/lang/Object;Z)Ljava/lang/Object; (833 bytes) @ 0x000000000b92519c [0x000000000b924c00+0x000000000000059c]
J 4296 c1 org.springframework.beans.factory.support.AbstractBeanFactory.getBean(Ljava/lang/String;)Ljava/lang/Object; (9 bytes) @ 0x000000000bbac20c [0x000000000bbac1a0+0x000000000000006c]
j  org.springframework.beans.factory.config.DependencyDescriptor.resolveCandidate(Ljava/lang/String;Ljava/lang/Class;Lorg/springframework/beans/factory/BeanFactory;)Ljava/lang/Object;+2
j  org.springframework.beans.factory.support.DefaultListableBeanFactory.doResolveDependency(Lorg/springframework/beans/factory/config/DependencyDescriptor;Ljava/lang/String;Ljava/util/Set;Lorg/springframework/beans/TypeConverter;)Ljava/lang/Object;+440
j  org.springframework.beans.factory.support.DefaultListableBeanFactory.resolveDependency(Lorg/springframework/beans/factory/config/DependencyDescriptor;Ljava/lang/String;Ljava/util/Set;Lorg/springframework/beans/TypeConverter;)Ljava/lang/Object;+108
j  org.springframework.beans.factory.support.ConstructorResolver.resolveAutowiredArgument(Lorg/springframework/core/MethodParameter;Ljava/lang/String;Ljava/util/Set;Lorg/springframework/beans/TypeConverter;Z)Ljava/lang/Object;+79
j  org.springframework.beans.factory.support.ConstructorResolver.createArgumentArray(Ljava/lang/String;Lorg/springframework/beans/factory/support/RootBeanDefinition;Lorg/springframework/beans/factory/config/ConstructorArgumentValues;Lorg/springframework/beans/BeanWrapper;[Ljava/lang/Class;[Ljava/lang/String;Ljava/lang/reflect/Executable;ZZ)Lorg/springframework/beans/factory/support/ConstructorResolver$ArgumentsHolder;+434
j  org.springframework.beans.factory.support.ConstructorResolver.instantiateUsingFactoryMethod(Ljava/lang/String;Lorg/springframework/beans/factory/support/RootBeanDefinition;[Ljava/lang/Object;)Lorg/springframework/beans/BeanWrapper;+727
J 4483 c1 org.springframework.beans.factory.support.AbstractAutowireCapableBeanFactory.createBeanInstance(Ljava/lang/String;Lorg/springframework/beans/factory/support/RootBeanDefinition;[Ljava/lang/Object;)Lorg/springframework/beans/BeanWrapper; (253 bytes) @ 0x000000000bc0a8ec [0x000000000bc09f80+0x000000000000096c]
J 4490 c1 org.springframework.beans.factory.support.AbstractAutowireCapableBeanFactory.doCreateBean(Ljava/lang/String;Lorg/springframework/beans/factory/support/RootBeanDefinition;[Ljava/lang/Object;)Ljava/lang/Object; (507 bytes) @ 0x000000000bc10b8c [0x000000000bc109e0+0x00000000000001ac]
J 4489 c1 org.springframework.beans.factory.support.AbstractAutowireCapableBeanFactory.createBean(Ljava/lang/String;Lorg/springframework/beans/factory/support/RootBeanDefinition;[Ljava/lang/Object;)Ljava/lang/Object; (247 bytes) @ 0x000000000bc0ef5c [0x000000000bc0e900+0x000000000000065c]
j  org.springframework.beans.factory.support.AbstractBeanFactory.lambda$doGetBean$0(Ljava/lang/String;Lorg/springframework/beans/factory/support/RootBeanDefinition;[Ljava/lang/Object;)Ljava/lang/Object;+4
j  org.springframework.beans.factory.support.AbstractBeanFactory$$Lambda$287.getObject()Ljava/lang/Object;+16
J 4494 c1 org.springframework.beans.factory.support.DefaultSingletonBeanRegistry.getSingleton(Ljava/lang/String;Lorg/springframework/beans/factory/ObjectFactory;)Ljava/lang/Object; (297 bytes) @ 0x000000000bc16364 [0x000000000bc15de0+0x0000000000000584]
J 2795 c1 org.springframework.beans.factory.support.AbstractBeanFactory.doGetBean(Ljava/lang/String;Ljava/lang/Class;[Ljava/lang/Object;Z)Ljava/lang/Object; (833 bytes) @ 0x000000000b92519c [0x000000000b924c00+0x000000000000059c]
J 4296 c1 org.springframework.beans.factory.support.AbstractBeanFactory.getBean(Ljava/lang/String;)Ljava/lang/Object; (9 bytes) @ 0x000000000bbac20c [0x000000000bbac1a0+0x000000000000006c]
j  org.springframework.beans.factory.config.DependencyDescriptor.resolveCandidate(Ljava/lang/String;Ljava/lang/Class;Lorg/springframework/beans/factory/BeanFactory;)Ljava/lang/Object;+2
j  org.springframework.beans.factory.support.DefaultListableBeanFactory.addCandidateEntry(Ljava/util/Map;Ljava/lang/String;Lorg/springframework/beans/factory/config/DependencyDescriptor;Ljava/lang/Class;)V+12
j  org.springframework.beans.factory.support.DefaultListableBeanFactory.findAutowireCandidates(Ljava/lang/String;Ljava/lang/Class;Lorg/springframework/beans/factory/config/DependencyDescriptor;)Ljava/util/Map;+183
j  org.springframework.beans.factory.support.DefaultListableBeanFactory.resolveMultipleBeans(Lorg/springframework/beans/factory/config/DependencyDescriptor;Ljava/lang/String;Ljava/util/Set;Lorg/springframework/beans/TypeConverter;)Ljava/lang/Object;+332
j  org.springframework.beans.factory.support.DefaultListableBeanFactory.doResolveDependency(Lorg/springframework/beans/factory/config/DependencyDescriptor;Ljava/lang/String;Ljava/util/Set;Lorg/springframework/beans/TypeConverter;)Ljava/lang/Object;+207
j  org.springframework.beans.factory.support.DefaultListableBeanFactory.resolveDependency(Lorg/springframework/beans/factory/config/DependencyDescriptor;Ljava/lang/String;Ljava/util/Set;Lorg/springframework/beans/TypeConverter;)Ljava/lang/Object;+108
j  org.springframework.beans.factory.support.ConstructorResolver.resolveAutowiredArgument(Lorg/springframework/core/MethodParameter;Ljava/lang/String;Ljava/util/Set;Lorg/springframework/beans/TypeConverter;Z)Ljava/lang/Object;+79
j  org.springframework.beans.factory.support.ConstructorResolver.createArgumentArray(Ljava/lang/String;Lorg/springframework/beans/factory/support/RootBeanDefinition;Lorg/springframework/beans/factory/config/ConstructorArgumentValues;Lorg/springframework/beans/BeanWrapper;[Ljava/lang/Class;[Ljava/lang/String;Ljava/lang/reflect/Executable;ZZ)Lorg/springframework/beans/factory/support/ConstructorResolver$ArgumentsHolder;+434
j  org.springframework.beans.factory.support.ConstructorResolver.instantiateUsingFactoryMethod(Ljava/lang/String;Lorg/springframework/beans/factory/support/RootBeanDefinition;[Ljava/lang/Object;)Lorg/springframework/beans/BeanWrapper;+727
J 4483 c1 org.springframework.beans.factory.support.AbstractAutowireCapableBeanFactory.createBeanInstance(Ljava/lang/String;Lorg/springframework/beans/factory/support/RootBeanDefinition;[Ljava/lang/Object;)Lorg/springframework/beans/BeanWrapper; (253 bytes) @ 0x000000000bc0a8ec [0x000000000bc09f80+0x000000000000096c]
J 4490 c1 org.springframework.beans.factory.support.AbstractAutowireCapableBeanFactory.doCreateBean(Ljava/lang/String;Lorg/springframework/beans/factory/support/RootBeanDefinition;[Ljava/lang/Object;)Ljava/lang/Object; (507 bytes) @ 0x000000000bc10b8c [0x000000000bc109e0+0x00000000000001ac]
J 4489 c1 org.springframework.beans.factory.support.AbstractAutowireCapableBeanFactory.createBean(Ljava/lang/String;Lorg/springframework/beans/factory/support/RootBeanDefinition;[Ljava/lang/Object;)Ljava/lang/Object; (247 bytes) @ 0x000000000bc0ef5c [0x000000000bc0e900+0x000000000000065c]
j  org.springframework.beans.factory.support.AbstractBeanFactory.lambda$doGetBean$0(Ljava/lang/String;Lorg/springframework/beans/factory/support/RootBeanDefinition;[Ljava/lang/Object;)Ljava/lang/Object;+4
j  org.springframework.beans.factory.support.AbstractBeanFactory$$Lambda$287.getObject()Ljava/lang/Object;+16
J 4494 c1 org.springframework.beans.factory.support.DefaultSingletonBeanRegistry.getSingleton(Ljava/lang/String;Lorg/springframework/beans/factory/ObjectFactory;)Ljava/lang/Object; (297 bytes) @ 0x000000000bc16364 [0x000000000bc15de0+0x0000000000000584]
J 2795 c1 org.springframework.beans.factory.support.AbstractBeanFactory.doGetBean(Ljava/lang/String;Ljava/lang/Class;[Ljava/lang/Object;Z)Ljava/lang/Object; (833 bytes) @ 0x000000000b92519c [0x000000000b924c00+0x000000000000059c]
J 4296 c1 org.springframework.beans.factory.support.AbstractBeanFactory.getBean(Ljava/lang/String;)Ljava/lang/Object; (9 bytes) @ 0x000000000bbac20c [0x000000000bbac1a0+0x000000000000006c]
j  org.springframework.beans.factory.support.DefaultListableBeanFactory.preInstantiateSingletons()V+248
j  org.springframework.context.support.AbstractApplicationContext.finishBeanFactoryInitialization(Lorg/springframework/beans/factory/config/ConfigurableListableBeanFactory;)V+124
j  org.springframework.context.support.AbstractApplicationContext.refresh()V+54
j  org.springframework.boot.web.servlet.context.ServletWebServerApplicationContext.refresh()V+1
j  org.springframework.boot.SpringApplication.refresh(Lorg/springframework/context/ConfigurableApplicationContext;)V+1
j  org.springframework.boot.SpringApplication.refresh(Lorg/springframework/context/ApplicationContext;)V+11
j  org.springframework.boot.SpringApplication.refreshContext(Lorg/springframework/context/ConfigurableApplicationContext;)V+2
j  org.springframework.boot.SpringApplication.run([Ljava/lang/String;)Lorg/springframework/context/ConfigurableApplicationContext;+118
j  org.springframework.boot.SpringApplication.run([Ljava/lang/Class;[Ljava/lang/String;)Lorg/springframework/context/ConfigurableApplicationContext;+9
j  org.springframework.boot.SpringApplication.run(Ljava/lang/Class;[Ljava/lang/String;)Lorg/springframework/context/ConfigurableApplicationContext;+9
j  com.libraryManagement.AuthServiceApplication.main([Ljava/lang/String;)V+3
v  ~StubRoutines::call_stub
j  jdk.internal.reflect.NativeMethodAccessorImpl.invoke0(Ljava/lang/reflect/Method;Ljava/lang/Object;[Ljava/lang/Object;)Ljava/lang/Object;+0 java.base@14.0.1
j  jdk.internal.reflect.NativeMethodAccessorImpl.invoke(Ljava/lang/Object;[Ljava/lang/Object;)Ljava/lang/Object;+100 java.base@14.0.1
j  jdk.internal.reflect.DelegatingMethodAccessorImpl.invoke(Ljava/lang/Object;[Ljava/lang/Object;)Ljava/lang/Object;+6 java.base@14.0.1
j  java.lang.reflect.Method.invoke(Ljava/lang/Object;[Ljava/lang/Object;)Ljava/lang/Object;+59 java.base@14.0.1
j  org.springframework.boot.devtools.restart.RestartLauncher.run()V+42
v  ~StubRoutines::call_stub

siginfo: EXCEPTION_ACCESS_VIOLATION (0xc0000005), reading address 0x00000000000000b6


Register to memory mapping:

RIP=0x000007fee8935380 net.dll
RAX=0x0000000023b7a6a8 is pointing into the stack for thread: 0x0000000022ab2800
RBX=0x00000000000000b6 is an unknown value
RCX=0x0000000022ab2b10 points into unknown readable memory: a0 1a 43 e9 fe 07 00 00
RDX=0x0 is NULL
RSP=0x0000000023b7a660 is pointing into the stack for thread: 0x0000000022ab2800
RBP=0x0 is NULL
RSI=0x00000000266c34c0 points into unknown readable memory: c0 92 40 26 00 00 00 00
RDI=0x00000000266c34c0 points into unknown readable memory: c0 92 40 26 00 00 00 00
R8 =0x0000000023b7a6f0 is pointing into the stack for thread: 0x0000000022ab2800
R9 =0x00000000000000b6 is an unknown value
R10=0x0000000000000039 is an unknown value
R11=0x0000000023b7a4c0 is pointing into the stack for thread: 0x0000000022ab2800
R12=0x0000000023b7a6f0 is pointing into the stack for thread: 0x0000000022ab2800
R13=0x00000000266c34c0 points into unknown readable memory: c0 92 40 26 00 00 00 00
R14=0x0 is NULL
R15=0x0 is NULL


Registers:
RAX=0x0000000023b7a6a8, RBX=0x00000000000000b6, RCX=0x0000000022ab2b10, RDX=0x0000000000000000
RSP=0x0000000023b7a660, RBP=0x0000000000000000, RSI=0x00000000266c34c0, RDI=0x00000000266c34c0
R8 =0x0000000023b7a6f0, R9 =0x00000000000000b6, R10=0x0000000000000039, R11=0x0000000023b7a4c0
R12=0x0000000023b7a6f0, R13=0x00000000266c34c0, R14=0x0000000000000000, R15=0x0000000000000000
RIP=0x000007fee8935380, EFLAGS=0x0000000000010202

Top of Stack: (sp=0x0000000023b7a660)
0x0000000023b7a660:   000007fee893fb88 0000000000000000
0x0000000023b7a670:   0000000022ab2b10 000007fee8935b72
0x0000000023b7a680:   0000000023b7a810 0000000023b7a8c0
0x0000000023b7a690:   0000000000000024 00000000ffffffff
0x0000000023b7a6a0:   00000000266c34c0 000007fee8936963
0x0000000023b7a6b0:   0000000022ab2b10 0000000022ab2b10
0x0000000023b7a6c0:   0000000023b7a759 00000000266c34c0
0x0000000023b7a6d0:   0000000000000000 0000000000000000
0x0000000023b7a6e0:   00000000000000b6 00000000266d9650
0x0000000023b7a6f0:   0000000023b7aa20 000000000ae6d252
0x0000000023b7a700:   000000000ae58a90 0000000000000000
0x0000000023b7a710:   0000000023b7aa80 0000000023b7aa20
0x0000000023b7a720:   0000000024f74420 0000000022ab2800
0x0000000023b7a730:   0000000025b46e38 0000000022ab2800
0x0000000023b7a740:   0000000025b47638 0000000022ab2800
0x0000000023b7a750:   0000000020fb0138 0000000025b475ed 

Instructions: (pc=0x000007fee8935380)
0x000007fee8935280:   03 4d 8b cf 4c 8b 05 f5 06 01 00 49 8b d6 48 8b
0x000007fee8935290:   cb ff 90 40 03 00 00 48 8b cf e8 95 06 00 00 48
0x000007fee89352a0:   8b 03 45 33 c9 4c 8b 05 fc 06 01 00 33 d2 48 8b
0x000007fee89352b0:   cb ff 90 60 05 00 00 48 85 c0 0f 84 05 fd ff ff
0x000007fee89352c0:   4c 8b 13 4c 8b c8 4c 8b 05 a3 06 01 00 49 8b d6
0x000007fee89352d0:   48 8b cb 41 ff 92 40 03 00 00 49 8b c6 e9 e5 fc
0x000007fee89352e0:   ff ff cc cc 48 89 5c 24 08 48 89 74 24 10 57 48
0x000007fee89352f0:   83 ec 20 48 8b f2 49 8b f8 48 8d 54 24 48 48 8b
0x000007fee8935300:   d9 e8 ba 07 00 00 85 c0 79 04 33 c0 eb 22 4c 8b
0x000007fee8935310:   4c 24 48 4c 8b c7 48 8b d6 48 8b cb e8 1f 00 00
0x000007fee8935320:   00 48 8b 4c 24 48 8b d8 ff 15 62 9f 00 00 8b c3
0x000007fee8935330:   48 8b 5c 24 30 48 8b 74 24 38 48 83 c4 20 5f c3
0x000007fee8935340:   48 8b c4 48 89 58 10 48 89 68 18 48 89 70 20 48
0x000007fee8935350:   89 48 08 57 41 54 41 55 41 56 41 57 48 83 ec 20
0x000007fee8935360:   4c 8b ea 49 8b d9 33 d2 4d 8b e0 4d 85 c9 75 07
0x000007fee8935370:   33 c0 e9 ec 00 00 00 44 8b fa 48 8b ea 44 8b f2
0x000007fee8935380:   41 39 11 0f 86 d3 00 00 00 41 8b c6 48 8d 34 40
0x000007fee8935390:   41 8b 45 10 39 44 f3 08 0f 85 ad 00 00 00 39 54
0x000007fee89353a0:   f3 04 0f 84 a3 00 00 00 b9 48 00 00 00 ff 15 e5
0x000007fee89353b0:   9e 00 00 33 d2 48 8b f8 48 85 c0 0f 84 bf 00 00
0x000007fee89353c0:   00 44 8d 42 02 66 44 89 00 8b 44 f3 04 89 47 04
0x000007fee89353d0:   41 8b 45 14 83 f8 18 77 0a b9 40 82 00 01 0f a3
0x000007fee89353e0:   c1 72 0a 83 f8 47 74 05 83 c8 ff eb 49 66 44 89
0x000007fee89353f0:   47 1c ba 01 00 00 00 8b 4c f3 04 8b 44 f3 0c 23
0x000007fee8935400:   c8 39 54 f3 10 75 06 f7 d0 0b c1 eb 02 8b c1 89
0x000007fee8935410:   47 20 8b 4c f3 0c ff 15 c4 9d 00 00 33 d2 8b c8
0x000007fee8935420:   66 89 57 38 85 c0 74 12 8b c2 44 8d 42 01 66 41
0x000007fee8935430:   03 c0 03 c9 75 f8 66 89 47 38 b8 01 00 00 00 48
0x000007fee8935440:   89 6f 40 44 03 f8 48 8b ef eb 05 b8 01 00 00 00
0x000007fee8935450:   44 03 f0 44 3b 33 0f 82 2d ff ff ff 49 89 2c 24
0x000007fee8935460:   41 8b c7 48 8b 5c 24 58 48 8b 6c 24 60 48 8b 74
0x000007fee8935470:   24 68 48 83 c4 20 41 5f 41 5e 41 5d 41 5c 5f c3 


Stack slot to memory mapping:
stack at sp + 0 slots: 0x000007fee893fb88 net.dll
stack at sp + 1 slots: 0x0 is NULL
stack at sp + 2 slots: 0x0000000022ab2b10 points into unknown readable memory: a0 1a 43 e9 fe 07 00 00
stack at sp + 3 slots: 0x000007fee8935b72 net.dll
stack at sp + 4 slots: 0x0000000023b7a810 is pointing into the stack for thread: 0x0000000022ab2800
stack at sp + 5 slots: 0x0000000023b7a8c0 is pointing into the stack for thread: 0x0000000022ab2800
stack at sp + 6 slots: 0x0000000000000024 is an unknown value
stack at sp + 7 slots: 
[error occurred during error reporting (inspecting top of stack), id 0xc0000005, EXCEPTION_ACCESS_VIOLATION (0xc0000005) at pc=0x000007fee8d11c94]


---------------  P R O C E S S  ---------------

Threads class SMR info:
_java_thread_list=0x00000000266c9e20, length=22, elements={
0x00000000004c7800, 0x0000000020f84800, 0x0000000020f85800, 0x0000000020f99800,
0x0000000020f9c800, 0x0000000020f9d800, 0x0000000020fa2000, 0x0000000020fa6000,
0x000000002043d800, 0x0000000021d6b000, 0x0000000022696000, 0x00000000226cd000,
0x00000000226d0000, 0x0000000022ab0000, 0x0000000022ab2800, 0x00000000249f4800,
0x00000000249f5800, 0x00000000249f6800, 0x00000000249f7000, 0x00000000263da800,
0x00000000263db800, 0x00000000263dc000
}

Java Threads: ( => current thread )
  0x00000000004c7800 JavaThread "main" [_thread_blocked, id=4192, stack(0x00000000023b0000,0x00000000024b0000)]
  0x0000000020f84800 JavaThread "Reference Handler" daemon [_thread_blocked, id=4220, stack(0x00000000212f0000,0x00000000213f0000)]
  0x0000000020f85800 JavaThread "Finalizer" daemon [_thread_blocked, id=4224, stack(0x0000000021400000,0x0000000021500000)]
  0x0000000020f99800 JavaThread "Signal Dispatcher" daemon [_thread_blocked, id=4228, stack(0x0000000021610000,0x0000000021710000)]
  0x0000000020f9c800 JavaThread "Attach Listener" daemon [_thread_blocked, id=4232, stack(0x00000000217b0000,0x00000000218b0000)]
  0x0000000020f9d800 JavaThread "Service Thread" daemon [_thread_blocked, id=4236, stack(0x0000000021910000,0x0000000021a10000)]
  0x0000000020fa2000 JavaThread "C1 CompilerThread0" daemon [_thread_blocked, id=4240, stack(0x0000000021b90000,0x0000000021c90000)]
  0x0000000020fa6000 JavaThread "Sweeper thread" daemon [_thread_blocked, id=4244, stack(0x0000000021510000,0x0000000021610000)]
  0x000000002043d800 JavaThread "Common-Cleaner" daemon [_thread_blocked, id=4248, stack(0x00000000220a0000,0x00000000221a0000)]
  0x0000000021d6b000 JavaThread "Notification Thread" daemon [_thread_blocked, id=4252, stack(0x0000000022230000,0x0000000022330000)]
  0x0000000022696000 JavaThread "RMI TCP Accept-0" daemon [_thread_in_native, id=4264, stack(0x0000000023270000,0x0000000023370000)]
  0x00000000226cd000 JavaThread "RMI TCP Accept-49672" daemon [_thread_in_native, id=4268, stack(0x00000000234a0000,0x00000000235a0000)]
  0x00000000226d0000 JavaThread "RMI TCP Accept-0" daemon [_thread_in_native, id=4272, stack(0x0000000023600000,0x0000000023700000)]
  0x0000000022ab0000 JavaThread "Thread-0" [_thread_blocked, id=4280, stack(0x0000000023930000,0x0000000023a30000)]
=>0x0000000022ab2800 JavaThread "restartedMain" [_thread_in_native, id=4284, stack(0x0000000023a80000,0x0000000023b80000)]
  0x00000000249f4800 JavaThread "Catalina-utility-1" [_thread_blocked, id=4784, stack(0x0000000023370000,0x0000000023470000)]
  0x00000000249f5800 JavaThread "Catalina-utility-2" [_thread_blocked, id=4788, stack(0x00000000272b0000,0x00000000273b0000)]
  0x00000000249f6800 JavaThread "container-0" [_thread_blocked, id=4792, stack(0x00000000274a0000,0x00000000275a0000)]
  0x00000000249f7000 JavaThread "mysql-cj-abandoned-connection-cleanup" daemon [_thread_blocked, id=4796, stack(0x0000000027600000,0x0000000027700000)]
  0x00000000263da800 JavaThread "task-1" [_thread_in_native, id=4804, stack(0x0000000023070000,0x0000000023170000)]
  0x00000000263db800 JavaThread "File Watcher" daemon [_thread_blocked, id=4852, stack(0x0000000028150000,0x0000000028250000)]
  0x00000000263dc000 JavaThread "Live Reload Server" daemon [_thread_in_native, id=4860, stack(0x0000000028300000,0x0000000028400000)]

Other Threads:
  0x0000000020f81000 VMThread "VM Thread" [stack: 0x0000000021170000,0x0000000021270000] [id=4216]
  0x00000000226fc000 WatcherThread [stack: 0x00000000237f0000,0x00000000238f0000] [id=4276]
  0x00000000004fd800 GCTaskThread "GC Thread#0" [stack: 0x000000001db20000,0x000000001dc20000] [id=4196]
  0x000000002256a800 GCTaskThread "GC Thread#1" [stack: 0x0000000022c40000,0x0000000022d40000] [id=4256]
  0x0000000022ad3000 GCTaskThread "GC Thread#2" [stack: 0x0000000023cb0000,0x0000000023db0000] [id=4300]
  0x0000000022afd000 GCTaskThread "GC Thread#3" [stack: 0x0000000023de0000,0x0000000023ee0000] [id=4304]
  0x000000000050a800 ConcurrentGCThread "G1 Main Marker" [stack: 0x000000001dd10000,0x000000001de10000] [id=4200]
  0x000000000050e800 ConcurrentGCThread "G1 Conc#0" [stack: 0x000000001de10000,0x000000001df10000] [id=4204]
  0x00000000203ac000 ConcurrentGCThread "G1 Refine#0" [stack: 0x00000000205a0000,0x00000000206a0000] [id=4208]
  0x00000000203ad000 ConcurrentGCThread "G1 Young RemSet Sampling" [stack: 0x0000000020480000,0x0000000020580000] [id=4212]

Threads with active compile tasks:

VM state:not at safepoint (normal execution)

VM Mutex/Monitor currently owned by a thread: None

Heap address: 0x00000000a4200000, size: 1470 MB, Compressed Oops mode: 32-bit
Narrow klass base: 0x0000000800000000, Narrow klass shift: 3
Compressed class space size: 1073741824 Address: 0x0000000800b30000

Heap:
 garbage-first heap   total 102400K, used 42559K [0x00000000a4200000, 0x0000000100000000)
  region size 1024K, 21 young (21504K), 5 survivors (5120K)
 Metaspace       used 40982K, capacity 42307K, committed 42620K, reserved 1085440K
  class space    used 5682K, capacity 6200K, committed 6268K, reserved 1048576K
Heap Regions: E=young(eden), S=young(survivor), O=old, HS=humongous(starts), HC=humongous(continues), CS=collection set, F=free, OA=open archive, CA=closed archive, TAMS=top-at-mark-start (previous, next)
|   0|0x00000000a4200000, 0x00000000a4300000, 0x00000000a4300000|100%|HS|  |TAMS 0x00000000a4300000, 0x00000000a4200000| Complete 
|   1|0x00000000a4300000, 0x00000000a4400000, 0x00000000a4400000|100%| O|  |TAMS 0x00000000a4400000, 0x00000000a4300000| Untracked 
|   2|0x00000000a4400000, 0x00000000a4500000, 0x00000000a4500000|100%| O|  |TAMS 0x00000000a4500000, 0x00000000a4400000| Untracked 
|   3|0x00000000a4500000, 0x00000000a4600000, 0x00000000a4600000|100%| O|  |TAMS 0x00000000a4600000, 0x00000000a4500000| Untracked 
|   4|0x00000000a4600000, 0x00000000a4700000, 0x00000000a4700000|100%| O|  |TAMS 0x00000000a4700000, 0x00000000a4600000| Untracked 
|   5|0x00000000a4700000, 0x00000000a4800000, 0x00000000a4800000|100%| O|  |TAMS 0x00000000a4800000, 0x00000000a4700000| Untracked 
|   6|0x00000000a4800000, 0x00000000a4900000, 0x00000000a4900000|100%| O|  |TAMS 0x00000000a4900000, 0x00000000a4800000| Untracked 
|   7|0x00000000a4900000, 0x00000000a4a00000, 0x00000000a4a00000|100%| O|  |TAMS 0x00000000a4a00000, 0x00000000a4900000| Untracked 
|   8|0x00000000a4a00000, 0x00000000a4b00000, 0x00000000a4b00000|100%| O|  |TAMS 0x00000000a4b00000, 0x00000000a4a00000| Untracked 
|   9|0x00000000a4b00000, 0x00000000a4b2d400, 0x00000000a4c00000| 17%| O|  |TAMS 0x00000000a4b2d400, 0x00000000a4b00000| Untracked 
|  10|0x00000000a4c00000, 0x00000000a4d00000, 0x00000000a4d00000|100%| O|  |TAMS 0x00000000a4d00000, 0x00000000a4c00000| Untracked 
|  11|0x00000000a4d00000, 0x00000000a4e00000, 0x00000000a4e00000|100%| O|  |TAMS 0x00000000a4e00000, 0x00000000a4d00000| Untracked 
|  12|0x00000000a4e00000, 0x00000000a4f00000, 0x00000000a4f00000|100%| O|  |TAMS 0x00000000a4f00000, 0x00000000a4e00000| Untracked 
|  13|0x00000000a4f00000, 0x00000000a5000000, 0x00000000a5000000|100%| O|  |TAMS 0x00000000a5000000, 0x00000000a4f00000| Untracked 
|  14|0x00000000a5000000, 0x00000000a5100000, 0x00000000a5100000|100%| O|  |TAMS 0x00000000a5100000, 0x00000000a5000000| Untracked 
|  15|0x00000000a5100000, 0x00000000a5200000, 0x00000000a5200000|100%| O|  |TAMS 0x00000000a5200000, 0x00000000a5100000| Untracked 
|  16|0x00000000a5200000, 0x00000000a5300000, 0x00000000a5300000|100%| O|  |TAMS 0x00000000a5300000, 0x00000000a5200000| Untracked 
|  17|0x00000000a5300000, 0x00000000a5400000, 0x00000000a5400000|100%| O|  |TAMS 0x00000000a5300000, 0x00000000a5300000| Untracked 
|  18|0x00000000a5400000, 0x00000000a5500000, 0x00000000a5500000|100%| O|  |TAMS 0x00000000a5500000, 0x00000000a5400000| Untracked 
|  19|0x00000000a5500000, 0x00000000a55d9a00, 0x00000000a5600000| 85%| O|  |TAMS 0x00000000a55d9a00, 0x00000000a5500000| Untracked 
|  20|0x00000000a5600000, 0x00000000a5700000, 0x00000000a5700000|100%| O|  |TAMS 0x00000000a5600000, 0x00000000a5600000| Untracked 
|  21|0x00000000a5700000, 0x00000000a5800000, 0x00000000a5800000|100%| O|  |TAMS 0x00000000a5700000, 0x00000000a5700000| Untracked 
|  22|0x00000000a5800000, 0x00000000a588be00, 0x00000000a5900000| 54%| O|  |TAMS 0x00000000a5800000, 0x00000000a5800000| Untracked 
|  23|0x00000000a5900000, 0x00000000a5900000, 0x00000000a5a00000|  0%| F|  |TAMS 0x00000000a5900000, 0x00000000a5900000| Untracked 
|  24|0x00000000a5a00000, 0x00000000a5a00000, 0x00000000a5b00000|  0%| F|  |TAMS 0x00000000a5a00000, 0x00000000a5a00000| Untracked 
|  25|0x00000000a5b00000, 0x00000000a5b00000, 0x00000000a5c00000|  0%| F|  |TAMS 0x00000000a5b00000, 0x00000000a5b00000| Untracked 
|  26|0x00000000a5c00000, 0x00000000a5c00000, 0x00000000a5d00000|  0%| F|  |TAMS 0x00000000a5c00000, 0x00000000a5c00000| Untracked 
|  27|0x00000000a5d00000, 0x00000000a5d00000, 0x00000000a5e00000|  0%| F|  |TAMS 0x00000000a5d00000, 0x00000000a5d00000| Untracked 
|  28|0x00000000a5e00000, 0x00000000a5e00000, 0x00000000a5f00000|  0%| F|  |TAMS 0x00000000a5e00000, 0x00000000a5e00000| Untracked 
|  29|0x00000000a5f00000, 0x00000000a5f00000, 0x00000000a6000000|  0%| F|  |TAMS 0x00000000a5f00000, 0x00000000a5f00000| Untracked 
|  30|0x00000000a6000000, 0x00000000a6000000, 0x00000000a6100000|  0%| F|  |TAMS 0x00000000a6000000, 0x00000000a6000000| Untracked 
|  31|0x00000000a6100000, 0x00000000a6100000, 0x00000000a6200000|  0%| F|  |TAMS 0x00000000a6100000, 0x00000000a6100000| Untracked 
|  32|0x00000000a6200000, 0x00000000a6200000, 0x00000000a6300000|  0%| F|  |TAMS 0x00000000a6200000, 0x00000000a6200000| Untracked 
|  33|0x00000000a6300000, 0x00000000a6300000, 0x00000000a6400000|  0%| F|  |TAMS 0x00000000a6300000, 0x00000000a6300000| Untracked 
|  34|0x00000000a6400000, 0x00000000a6400000, 0x00000000a6500000|  0%| F|  |TAMS 0x00000000a6400000, 0x00000000a6400000| Untracked 
|  35|0x00000000a6500000, 0x00000000a65fd0a0, 0x00000000a6600000| 98%| S|CS|TAMS 0x00000000a6500000, 0x00000000a6500000| Complete 
|  36|0x00000000a6600000, 0x00000000a6700000, 0x00000000a6700000|100%| S|CS|TAMS 0x00000000a6600000, 0x00000000a6600000| Complete 
|  37|0x00000000a6700000, 0x00000000a6800000, 0x00000000a6800000|100%| S|CS|TAMS 0x00000000a6700000, 0x00000000a6700000| Complete 
|  38|0x00000000a6800000, 0x00000000a6900000, 0x00000000a6900000|100%| S|CS|TAMS 0x00000000a6800000, 0x00000000a6800000| Complete 
|  39|0x00000000a6900000, 0x00000000a6a00000, 0x00000000a6a00000|100%| S|CS|TAMS 0x00000000a6900000, 0x00000000a6900000| Complete 
|  40|0x00000000a6a00000, 0x00000000a6a00000, 0x00000000a6b00000|  0%| F|  |TAMS 0x00000000a6a00000, 0x00000000a6a00000| Untracked 
|  41|0x00000000a6b00000, 0x00000000a6b00000, 0x00000000a6c00000|  0%| F|  |TAMS 0x00000000a6b00000, 0x00000000a6b00000| Untracked 
|  42|0x00000000a6c00000, 0x00000000a6c00000, 0x00000000a6d00000|  0%| F|  |TAMS 0x00000000a6c00000, 0x00000000a6c00000| Untracked 
|  43|0x00000000a6d00000, 0x00000000a6d00000, 0x00000000a6e00000|  0%| F|  |TAMS 0x00000000a6d00000, 0x00000000a6d00000| Untracked 
|  44|0x00000000a6e00000, 0x00000000a6e00000, 0x00000000a6f00000|  0%| F|  |TAMS 0x00000000a6e00000, 0x00000000a6e00000| Untracked 
|  45|0x00000000a6f00000, 0x00000000a6f00000, 0x00000000a7000000|  0%| F|  |TAMS 0x00000000a6f00000, 0x00000000a6f00000| Untracked 
|  46|0x00000000a7000000, 0x00000000a7000000, 0x00000000a7100000|  0%| F|  |TAMS 0x00000000a7000000, 0x00000000a7000000| Untracked 
|  47|0x00000000a7100000, 0x00000000a7100000, 0x00000000a7200000|  0%| F|  |TAMS 0x00000000a7100000, 0x00000000a7100000| Untracked 
|  48|0x00000000a7200000, 0x00000000a7200000, 0x00000000a7300000|  0%| F|  |TAMS 0x00000000a7200000, 0x00000000a7200000| Untracked 
|  49|0x00000000a7300000, 0x00000000a7300000, 0x00000000a7400000|  0%| F|  |TAMS 0x00000000a7300000, 0x00000000a7300000| Untracked 
|  50|0x00000000a7400000, 0x00000000a7400000, 0x00000000a7500000|  0%| F|  |TAMS 0x00000000a7400000, 0x00000000a7400000| Untracked 
|  51|0x00000000a7500000, 0x00000000a7500000, 0x00000000a7600000|  0%| F|  |TAMS 0x00000000a7500000, 0x00000000a7500000| Untracked 
|  52|0x00000000a7600000, 0x00000000a7600000, 0x00000000a7700000|  0%| F|  |TAMS 0x00000000a7600000, 0x00000000a7600000| Untracked 
|  53|0x00000000a7700000, 0x00000000a7700000, 0x00000000a7800000|  0%| F|  |TAMS 0x00000000a7700000, 0x00000000a7700000| Untracked 
|  54|0x00000000a7800000, 0x00000000a7800000, 0x00000000a7900000|  0%| F|  |TAMS 0x00000000a7800000, 0x00000000a7800000| Untracked 
|  55|0x00000000a7900000, 0x00000000a7900000, 0x00000000a7a00000|  0%| F|  |TAMS 0x00000000a7900000, 0x00000000a7900000| Untracked 
|  56|0x00000000a7a00000, 0x00000000a7a00000, 0x00000000a7b00000|  0%| F|  |TAMS 0x00000000a7a00000, 0x00000000a7a00000| Untracked 
|  57|0x00000000a7b00000, 0x00000000a7b00000, 0x00000000a7c00000|  0%| F|  |TAMS 0x00000000a7b00000, 0x00000000a7b00000| Untracked 
|  58|0x00000000a7c00000, 0x00000000a7c00000, 0x00000000a7d00000|  0%| F|  |TAMS 0x00000000a7c00000, 0x00000000a7c00000| Untracked 
|  59|0x00000000a7d00000, 0x00000000a7d00000, 0x00000000a7e00000|  0%| F|  |TAMS 0x00000000a7d00000, 0x00000000a7d00000| Untracked 
|  60|0x00000000a7e00000, 0x00000000a7e00000, 0x00000000a7f00000|  0%| F|  |TAMS 0x00000000a7e00000, 0x00000000a7e00000| Untracked 
|  61|0x00000000a7f00000, 0x00000000a7f00000, 0x00000000a8000000|  0%| F|  |TAMS 0x00000000a7f00000, 0x00000000a7f00000| Untracked 
|  62|0x00000000a8000000, 0x00000000a8000000, 0x00000000a8100000|  0%| F|  |TAMS 0x00000000a8000000, 0x00000000a8000000| Untracked 
|  63|0x00000000a8100000, 0x00000000a8100000, 0x00000000a8200000|  0%| F|  |TAMS 0x00000000a8100000, 0x00000000a8100000| Untracked 
|  64|0x00000000a8200000, 0x00000000a8200000, 0x00000000a8300000|  0%| F|  |TAMS 0x00000000a8200000, 0x00000000a8200000| Untracked 
|  65|0x00000000a8300000, 0x00000000a8300000, 0x00000000a8400000|  0%| F|  |TAMS 0x00000000a8300000, 0x00000000a8300000| Untracked 
|  66|0x00000000a8400000, 0x00000000a8400000, 0x00000000a8500000|  0%| F|  |TAMS 0x00000000a8400000, 0x00000000a8400000| Untracked 
|  67|0x00000000a8500000, 0x00000000a8500000, 0x00000000a8600000|  0%| F|  |TAMS 0x00000000a8500000, 0x00000000a8500000| Untracked 
|  68|0x00000000a8600000, 0x00000000a8600000, 0x00000000a8700000|  0%| F|  |TAMS 0x00000000a8600000, 0x00000000a8600000| Untracked 
|  69|0x00000000a8700000, 0x00000000a8700000, 0x00000000a8800000|  0%| F|  |TAMS 0x00000000a8700000, 0x00000000a8700000| Untracked 
|  70|0x00000000a8800000, 0x00000000a8800000, 0x00000000a8900000|  0%| F|  |TAMS 0x00000000a8800000, 0x00000000a8800000| Untracked 
|  71|0x00000000a8900000, 0x00000000a8900000, 0x00000000a8a00000|  0%| F|  |TAMS 0x00000000a8900000, 0x00000000a8900000| Untracked 
|  72|0x00000000a8a00000, 0x00000000a8a00000, 0x00000000a8b00000|  0%| F|  |TAMS 0x00000000a8a00000, 0x00000000a8a00000| Untracked 
|  73|0x00000000a8b00000, 0x00000000a8b00000, 0x00000000a8c00000|  0%| F|  |TAMS 0x00000000a8b00000, 0x00000000a8b00000| Untracked 
|  74|0x00000000a8c00000, 0x00000000a8c00000, 0x00000000a8d00000|  0%| F|  |TAMS 0x00000000a8c00000, 0x00000000a8c00000| Untracked 
|  75|0x00000000a8d00000, 0x00000000a8d00000, 0x00000000a8e00000|  0%| F|  |TAMS 0x00000000a8d00000, 0x00000000a8d00000| Untracked 
|  76|0x00000000a8e00000, 0x00000000a8e00000, 0x00000000a8f00000|  0%| F|  |TAMS 0x00000000a8e00000, 0x00000000a8e00000| Untracked 
|  77|0x00000000a8f00000, 0x00000000a8f00000, 0x00000000a9000000|  0%| F|  |TAMS 0x00000000a8f00000, 0x00000000a8f00000| Untracked 
|  78|0x00000000a9000000, 0x00000000a9000000, 0x00000000a9100000|  0%| F|  |TAMS 0x00000000a9000000, 0x00000000a9000000| Untracked 
|  79|0x00000000a9100000, 0x00000000a9100000, 0x00000000a9200000|  0%| F|  |TAMS 0x00000000a9100000, 0x00000000a9100000| Untracked 
|  80|0x00000000a9200000, 0x00000000a9200000, 0x00000000a9300000|  0%| F|  |TAMS 0x00000000a9200000, 0x00000000a9200000| Untracked 
|  81|0x00000000a9300000, 0x00000000a9300000, 0x00000000a9400000|  0%| F|  |TAMS 0x00000000a9300000, 0x00000000a9300000| Untracked 
|  82|0x00000000a9400000, 0x00000000a9400000, 0x00000000a9500000|  0%| F|  |TAMS 0x00000000a9400000, 0x00000000a9400000| Untracked 
|  83|0x00000000a9500000, 0x00000000a9500000, 0x00000000a9600000|  0%| F|  |TAMS 0x00000000a9500000, 0x00000000a9500000| Untracked 
|  84|0x00000000a9600000, 0x00000000a9700000, 0x00000000a9700000|100%| E|  |TAMS 0x00000000a9600000, 0x00000000a9600000| Complete 
|  85|0x00000000a9700000, 0x00000000a9800000, 0x00000000a9800000|100%| E|CS|TAMS 0x00000000a9700000, 0x00000000a9700000| Complete 
|  86|0x00000000a9800000, 0x00000000a9900000, 0x00000000a9900000|100%| E|CS|TAMS 0x00000000a9800000, 0x00000000a9800000| Complete 
|  87|0x00000000a9900000, 0x00000000a9a00000, 0x00000000a9a00000|100%| E|CS|TAMS 0x00000000a9900000, 0x00000000a9900000| Complete 
|  88|0x00000000a9a00000, 0x00000000a9b00000, 0x00000000a9b00000|100%| E|CS|TAMS 0x00000000a9a00000, 0x00000000a9a00000| Complete 
|  89|0x00000000a9b00000, 0x00000000a9c00000, 0x00000000a9c00000|100%| E|CS|TAMS 0x00000000a9b00000, 0x00000000a9b00000| Complete 
|  90|0x00000000a9c00000, 0x00000000a9d00000, 0x00000000a9d00000|100%| E|CS|TAMS 0x00000000a9c00000, 0x00000000a9c00000| Complete 
|  91|0x00000000a9d00000, 0x00000000a9e00000, 0x00000000a9e00000|100%| E|CS|TAMS 0x00000000a9d00000, 0x00000000a9d00000| Complete 
|  92|0x00000000a9e00000, 0x00000000a9f00000, 0x00000000a9f00000|100%| E|CS|TAMS 0x00000000a9e00000, 0x00000000a9e00000| Complete 
|  93|0x00000000a9f00000, 0x00000000aa000000, 0x00000000aa000000|100%| E|CS|TAMS 0x00000000a9f00000, 0x00000000a9f00000| Complete 
|  94|0x00000000aa000000, 0x00000000aa100000, 0x00000000aa100000|100%| E|CS|TAMS 0x00000000aa000000, 0x00000000aa000000| Complete 
| 131|0x00000000ac500000, 0x00000000ac600000, 0x00000000ac600000|100%| E|CS|TAMS 0x00000000ac500000, 0x00000000ac500000| Complete 
| 132|0x00000000ac600000, 0x00000000ac700000, 0x00000000ac700000|100%| E|CS|TAMS 0x00000000ac600000, 0x00000000ac600000| Complete 
| 133|0x00000000ac700000, 0x00000000ac800000, 0x00000000ac800000|100%| E|CS|TAMS 0x00000000ac700000, 0x00000000ac700000| Complete 
| 134|0x00000000ac800000, 0x00000000ac900000, 0x00000000ac900000|100%| E|CS|TAMS 0x00000000ac800000, 0x00000000ac800000| Complete 
| 135|0x00000000ac900000, 0x00000000aca00000, 0x00000000aca00000|100%| E|CS|TAMS 0x00000000ac900000, 0x00000000ac900000| Complete 

Card table byte_map: [0x000000001a750000,0x000000001aa30000] _byte_map_base: 0x000000001a22f000

Marking Bits (Prev, Next): (CMBitMap*) 0x00000000004fe508, (CMBitMap*) 0x00000000004fe4c8
 Prev Bits: [0x000000001c410000, 0x000000001db08000)
 Next Bits: [0x000000001ad10000, 0x000000001c408000)

Polling page: 0x0000000000320000

Metaspace:

Usage:
  Non-class:     35.26 MB capacity,    34.47 MB ( 98%) used,   659.48 KB (  2%) free+waste,   147.31 KB ( <1%) overhead. 
      Class:      6.05 MB capacity,     5.55 MB ( 92%) used,   443.69 KB (  7%) free+waste,    73.88 KB (  1%) overhead. 
       Both:     41.32 MB capacity,    40.02 MB ( 97%) used,     1.08 MB (  3%) free+waste,   221.19 KB ( <1%) overhead. 

Virtual space:
  Non-class space:       36.00 MB reserved,      35.50 MB ( 99%) committed 
      Class space:        1.00 GB reserved,       6.12 MB ( <1%) committed 
             Both:        1.04 GB reserved,      41.62 MB (  4%) committed 

Chunk freelists:
   Non-Class:  0 bytes
       Class:  8.00 KB
        Both:  8.00 KB

MaxMetaspaceSize: 17179869184.00 GB
CompressedClassSpaceSize: 1.00 GB

CodeHeap 'non-profiled nmethods': size=238912Kb used=7357Kb max_used=7357Kb free=231554Kb
 bounds [0x000000000b500000, 0x000000000bc30000, 0x0000000019e50000]
CodeHeap 'non-nmethods': size=6848Kb used=1252Kb max_used=1252Kb free=5595Kb
 bounds [0x000000000ae50000, 0x000000000b0c0000, 0x000000000b500000]
 total_blobs=5362 nmethods=4552 adapters=465
 compilation: enabled
              stopped_count=0, restarted_count=0
 full_count=0

Compilation events (20 events):
Event: 8.037 Thread 0x0000000020fa2000 4543       1       org.springframework.core.convert.support.GenericConversionService$ConverterCacheKey::<init> (15 bytes)
Event: 8.037 Thread 0x0000000020fa2000 nmethod 4543 0x000000000bc2b210 code [0x000000000bc2b3a0, 0x000000000bc2b518]
Event: 8.038 Thread 0x0000000020fa2000 4544       1       org.springframework.boot.web.server.WebServerFactoryCustomizerBeanPostProcessor::postProcessBeforeInitialization (17 bytes)
Event: 8.040 Thread 0x0000000020fa2000 nmethod 4544 0x000000000bc2b590 code [0x000000000bc2b7c0, 0x000000000bc2bfe8]
Event: 8.040 Thread 0x0000000020fa2000 4545       1       org.springframework.boot.web.server.ErrorPageRegistrarBeanPostProcessor::postProcessBeforeInitialization (17 bytes)
Event: 8.040 Thread 0x0000000020fa2000 nmethod 4545 0x000000000bc2c390 code [0x000000000bc2c540, 0x000000000bc2c708]
Event: 8.040 Thread 0x0000000020fa2000 4546       1       org.springframework.boot.autoconfigure.orm.jpa.DataSourceInitializedPublisher::postProcessBeforeInitialization (50 bytes)
Event: 8.041 Thread 0x0000000020fa2000 nmethod 4546 0x000000000bc2c810 code [0x000000000bc2c9c0, 0x000000000bc2cd98]
Event: 8.041 Thread 0x0000000020fa2000 4547       1       org.springframework.data.web.config.ProjectingArgumentResolverRegistrar$ProjectingArgumentResolverBeanPostProcessor::postProcessBeforeInitialization (2 bytes)
Event: 8.041 Thread 0x0000000020fa2000 nmethod 4547 0x000000000bc2ce90 code [0x000000000bc2d020, 0x000000000bc2d0f8]
Event: 8.041 Thread 0x0000000020fa2000 4548       1       org.springframework.transaction.interceptor.TransactionAttributeSourcePointcut$TransactionAttributeSourceClassFilter::matches (57 bytes)
Event: 8.041 Thread 0x0000000020fa2000 nmethod 4548 0x000000000bc2d190 code [0x000000000bc2d360, 0x000000000bc2d568]
Event: 8.047 Thread 0x0000000020fa2000 4549       1       org.springframework.transaction.annotation.AnnotationTransactionAttributeSource::isCandidateClass (46 bytes)
Event: 8.047 Thread 0x0000000020fa2000 nmethod 4549 0x000000000bc2d690 code [0x000000000bc2d860, 0x000000000bc2da78]
Event: 8.047 Thread 0x0000000020fa2000 4550       1       org.springframework.transaction.annotation.SpringTransactionAnnotationParser::isCandidateClass (7 bytes)
Event: 8.048 Thread 0x0000000020fa2000 nmethod 4550 0x000000000bc2db90 code [0x000000000bc2dd60, 0x000000000bc2df98]
Event: 8.048 Thread 0x0000000020fa2000 4551       1       org.springframework.aop.support.StaticMethodMatcherPointcut::getMethodMatcher (2 bytes)
Event: 8.048 Thread 0x0000000020fa2000 nmethod 4551 0x000000000bc2e190 code [0x000000000bc2e320, 0x000000000bc2e3f8]
Event: 8.049 Thread 0x0000000020fa2000 4552   !   1       org.springframework.util.ClassUtils::isCacheSafe (84 bytes)
Event: 8.052 Thread 0x0000000020fa2000 nmethod 4552 0x000000000bc2e490 code [0x000000000bc2e6e0, 0x000000000bc2eec8]

GC Heap History (20 events):
Event: 3.161 GC heap before
{Heap before GC invocations=9 (full 0):
 garbage-first heap   total 61440K, used 45868K [0x00000000a4200000, 0x0000000100000000)
  region size 1024K, 36 young (36864K), 5 survivors (5120K)
 Metaspace       used 20914K, capacity 21668K, committed 21884K, reserved 1069056K
  class space    used 2854K, capacity 3153K, committed 3196K, reserved 1048576K
}
Event: 3.173 GC heap after
{Heap after GC invocations=10 (full 0):
 garbage-first heap   total 78848K, used 14942K [0x00000000a4200000, 0x0000000100000000)
  region size 1024K, 3 young (3072K), 3 survivors (3072K)
 Metaspace       used 20914K, capacity 21668K, committed 21884K, reserved 1069056K
  class space    used 2854K, capacity 3153K, committed 3196K, reserved 1048576K
}
Event: 3.390 GC heap before
{Heap before GC invocations=10 (full 0):
 garbage-first heap   total 78848K, used 58974K [0x00000000a4200000, 0x0000000100000000)
  region size 1024K, 46 young (47104K), 3 survivors (3072K)
 Metaspace       used 21115K, capacity 21867K, committed 22012K, reserved 1069056K
  class space    used 2890K, capacity 3196K, committed 3324K, reserved 1048576K
}
Event: 3.397 GC heap after
{Heap after GC invocations=11 (full 0):
 garbage-first heap   total 78848K, used 15451K [0x00000000a4200000, 0x0000000100000000)
  region size 1024K, 4 young (4096K), 4 survivors (4096K)
 Metaspace       used 21115K, capacity 21867K, committed 22012K, reserved 1069056K
  class space    used 2890K, capacity 3196K, committed 3324K, reserved 1048576K
}
Event: 3.549 GC heap before
{Heap before GC invocations=11 (full 0):
 garbage-first heap   total 78848K, used 58459K [0x00000000a4200000, 0x0000000100000000)
  region size 1024K, 46 young (47104K), 4 survivors (4096K)
 Metaspace       used 21234K, capacity 21949K, committed 22268K, reserved 1069056K
  class space    used 2912K, capacity 3199K, committed 3324K, reserved 1048576K
}
Event: 3.556 GC heap after
{Heap after GC invocations=12 (full 0):
 garbage-first heap   total 78848K, used 15579K [0x00000000a4200000, 0x0000000100000000)
  region size 1024K, 4 young (4096K), 4 survivors (4096K)
 Metaspace       used 21234K, capacity 21949K, committed 22268K, reserved 1069056K
  class space    used 2912K, capacity 3199K, committed 3324K, reserved 1048576K
}
Event: 4.028 GC heap before
{Heap before GC invocations=12 (full 0):
 garbage-first heap   total 78848K, used 58587K [0x00000000a4200000, 0x0000000100000000)
  region size 1024K, 46 young (47104K), 4 survivors (4096K)
 Metaspace       used 23883K, capacity 24801K, committed 25084K, reserved 1071104K
  class space    used 3315K, capacity 3684K, committed 3836K, reserved 1048576K
}
Event: 4.038 GC heap after
{Heap after GC invocations=13 (full 0):
 garbage-first heap   total 78848K, used 16415K [0x00000000a4200000, 0x0000000100000000)
  region size 1024K, 3 young (3072K), 3 survivors (3072K)
 Metaspace       used 23883K, capacity 24801K, committed 25084K, reserved 1071104K
  class space    used 3315K, capacity 3684K, committed 3836K, reserved 1048576K
}
Event: 4.576 GC heap before
{Heap before GC invocations=13 (full 0):
 garbage-first heap   total 78848K, used 60447K [0x00000000a4200000, 0x0000000100000000)
  region size 1024K, 46 young (47104K), 3 survivors (3072K)
 Metaspace       used 27188K, capacity 28340K, committed 28668K, reserved 1073152K
  class space    used 3791K, capacity 4236K, committed 4348K, reserved 1048576K
}
Event: 4.589 GC heap after
{Heap after GC invocations=14 (full 0):
 garbage-first heap   total 99328K, used 18543K [0x00000000a4200000, 0x0000000100000000)
  region size 1024K, 5 young (5120K), 5 survivors (5120K)
 Metaspace       used 27188K, capacity 28340K, committed 28668K, reserved 1073152K
  class space    used 3791K, capacity 4236K, committed 4348K, reserved 1048576K
}
Event: 4.791 GC heap before
{Heap before GC invocations=14 (full 0):
 garbage-first heap   total 99328K, used 71791K [0x00000000a4200000, 0x0000000100000000)
  region size 1024K, 58 young (59392K), 5 survivors (5120K)
 Metaspace       used 28651K, capacity 29767K, committed 30076K, reserved 1075200K
  class space    used 3951K, capacity 4391K, committed 4476K, reserved 1048576K
}
Event: 4.802 GC heap after
{Heap after GC invocations=15 (full 0):
 garbage-first heap   total 99328K, used 19849K [0x00000000a4200000, 0x0000000100000000)
  region size 1024K, 6 young (6144K), 6 survivors (6144K)
 Metaspace       used 28651K, capacity 29767K, committed 30076K, reserved 1075200K
  class space    used 3951K, capacity 4391K, committed 4476K, reserved 1048576K
}
Event: 5.136 GC heap before
{Heap before GC invocations=15 (full 0):
 garbage-first heap   total 99328K, used 72073K [0x00000000a4200000, 0x0000000100000000)
  region size 1024K, 58 young (59392K), 6 survivors (6144K)
 Metaspace       used 30384K, capacity 31552K, committed 31740K, reserved 1077248K
  class space    used 4116K, capacity 4558K, committed 4604K, reserved 1048576K
}
Event: 5.153 GC heap after
{Heap after GC invocations=16 (full 0):
 garbage-first heap   total 99328K, used 22318K [0x00000000a4200000, 0x0000000100000000)
  region size 1024K, 6 young (6144K), 6 survivors (6144K)
 Metaspace       used 30384K, capacity 31552K, committed 31740K, reserved 1077248K
  class space    used 4116K, capacity 4558K, committed 4604K, reserved 1048576K
}
Event: 5.426 GC heap before
{Heap before GC invocations=16 (full 0):
 garbage-first heap   total 99328K, used 75566K [0x00000000a4200000, 0x0000000100000000)
  region size 1024K, 58 young (59392K), 6 survivors (6144K)
 Metaspace       used 30855K, capacity 31962K, committed 32124K, reserved 1077248K
  class space    used 4177K, capacity 4630K, committed 4732K, reserved 1048576K
}
Event: 5.440 GC heap after
{Heap after GC invocations=17 (full 0):
 garbage-first heap   total 99328K, used 22555K [0x00000000a4200000, 0x0000000100000000)
  region size 1024K, 4 young (4096K), 4 survivors (4096K)
 Metaspace       used 30855K, capacity 31962K, committed 32124K, reserved 1077248K
  class space    used 4177K, capacity 4630K, committed 4732K, reserved 1048576K
}
Event: 6.234 GC heap before
{Heap before GC invocations=17 (full 0):
 garbage-first heap   total 99328K, used 64539K [0x00000000a4200000, 0x0000000100000000)
  region size 1024K, 46 young (47104K), 4 survivors (4096K)
 Metaspace       used 34623K, capacity 35874K, committed 35964K, reserved 1079296K
  class space    used 4717K, capacity 5207K, committed 5244K, reserved 1048576K
}
Event: 6.262 GC heap after
{Heap after GC invocations=18 (full 0):
 garbage-first heap   total 139264K, used 24010K [0x00000000a4200000, 0x0000000100000000)
  region size 1024K, 6 young (6144K), 6 survivors (6144K)
 Metaspace       used 34623K, capacity 35874K, committed 35964K, reserved 1079296K
  class space    used 4717K, capacity 5207K, committed 5244K, reserved 1048576K
}
Event: 7.553 GC heap before
{Heap before GC invocations=19 (full 0):
 garbage-first heap   total 102400K, used 78282K [0x00000000a4200000, 0x0000000100000000)
  region size 1024K, 60 young (61440K), 6 survivors (6144K)
 Metaspace       used 39866K, capacity 41187K, committed 41468K, reserved 1085440K
  class space    used 5513K, capacity 6041K, committed 6140K, reserved 1048576K
}
Event: 7.590 GC heap after
{Heap after GC invocations=20 (full 0):
 garbage-first heap   total 102400K, used 27199K [0x00000000a4200000, 0x0000000100000000)
  region size 1024K, 5 young (5120K), 5 survivors (5120K)
 Metaspace       used 39866K, capacity 41187K, committed 41468K, reserved 1085440K
  class space    used 5513K, capacity 6041K, committed 6140K, reserved 1048576K
}

Deoptimization events (4 events):
Event: 3.817 Thread 0x0000000022ab2800 DEOPT PACKING pc=0x000000000b7c1fa4 sp=0x0000000023b7c8d0
Event: 3.817 Thread 0x0000000022ab2800 DEOPT UNPACKING pc=0x000000000ae9993f sp=0x0000000023b7be48 mode 0
Event: 7.330 Thread 0x0000000022ab2800 DEOPT PACKING pc=0x000000000b7e8e83 sp=0x0000000023b79330
Event: 7.330 Thread 0x0000000022ab2800 DEOPT UNPACKING pc=0x000000000ae9993f sp=0x0000000023b78838 mode 3

Classes unloaded (1 events):
Event: 7.691 Thread 0x0000000020f81000 Unloading class 0x0000000800c37840 'org/springframework/core/GenericTypeResolver$$Lambda$152'

Classes redefined (0 events):
No events

Internal exceptions (20 events):
Event: 5.875 Thread 0x0000000022ab2800 Exception <a 'java/lang/ClassNotFoundException'{0x00000000a8904228}: org/springframework/beans/factory/AwareCustomizer> (0x00000000a8904228) 
thrown [./open/src/hotspot/share/classfile/systemDictionary.cpp, line 226]
Event: 5.876 Thread 0x0000000022ab2800 Exception <a 'java/lang/ClassNotFoundException'{0x00000000a8923740}: org/springframework/context/ApplicationContextAwareCustomizer> (0x00000000a8923740) 
thrown [./open/src/hotspot/share/classfile/systemDictionary.cpp, line 226]
Event: 5.880 Thread 0x0000000022ab2800 Exception <a 'java/lang/ClassNotFoundException'{0x00000000a8941168}: org/springframework/beans/factory/AwareCustomizer> (0x00000000a8941168) 
thrown [./open/src/hotspot/share/classfile/systemDictionary.cpp, line 226]
Event: 5.881 Thread 0x0000000022ab2800 Exception <a 'java/lang/ClassNotFoundException'{0x00000000a8960658}: org/springframework/web/context/ServletContextAwareCustomizer> (0x00000000a8960658) 
thrown [./open/src/hotspot/share/classfile/systemDictionary.cpp, line 226]
Event: 5.882 Thread 0x0000000022ab2800 Exception <a 'java/lang/ClassNotFoundException'{0x00000000a897d908}: org/springframework/beans/factory/AwareCustomizer> (0x00000000a897d908) 
thrown [./open/src/hotspot/share/classfile/systemDictionary.cpp, line 226]
Event: 5.979 Thread 0x0000000022ab2800 Exception <a 'java/lang/ClassNotFoundException'{0x00000000a8286650}: java/lang/ObjectCustomizer> (0x00000000a8286650) 
thrown [./open/src/hotspot/share/classfile/systemDictionary.cpp, line 226]
Event: 5.981 Thread 0x0000000022ab2800 Exception <a 'java/lang/ClassNotFoundException'{0x00000000a82b4d98}: org/springframework/security/config/annotation/authentication/configuration/AuthenticationConfigurationCustomizer> (0x00000000a82b4d98) 
thrown [./open/src/hotspot/share/classfile/systemDictionary.cpp, line 226]
Event: 6.338 Thread 0x0000000022ab2800 Exception <a 'java/lang/ClassNotFoundException'{0x00000000ac71e170}: java/lang/ObjectCustomizer> (0x00000000ac71e170) 
thrown [./open/src/hotspot/share/classfile/systemDictionary.cpp, line 226]
Event: 6.376 Thread 0x0000000022ab2800 Exception <a 'java/lang/ClassNotFoundException'{0x00000000ac749bf8}: org/springframework/security/config/annotation/web/configuration/WebSecurityConfigurationCustomizer> (0x00000000ac749bf8) 
thrown [./open/src/hotspot/share/classfile/systemDictionary.cpp, line 226]
Event: 6.380 Thread 0x0000000022ab2800 Exception <a 'java/lang/ClassNotFoundException'{0x00000000ac772eb8}: org/springframework/context/annotation/ImportAwareCustomizer> (0x00000000ac772eb8) 
thrown [./open/src/hotspot/share/classfile/systemDictionary.cpp, line 226]
Event: 6.382 Thread 0x0000000022ab2800 Exception <a 'java/lang/ClassNotFoundException'{0x00000000ac60f788}: org/springframework/beans/factory/AwareCustomizer> (0x00000000ac60f788) 
thrown [./open/src/hotspot/share/classfile/systemDictionary.cpp, line 226]
Event: 6.384 Thread 0x0000000022ab2800 Exception <a 'java/lang/ClassNotFoundException'{0x00000000ac62eb58}: org/springframework/beans/factory/BeanClassLoaderAwareCustomizer> (0x00000000ac62eb58) 
thrown [./open/src/hotspot/share/classfile/systemDictionary.cpp, line 226]
Event: 6.387 Thread 0x0000000022ab2800 Exception <a 'java/lang/ClassNotFoundException'{0x00000000ac64af58}: org/springframework/beans/factory/AwareCustomizer> (0x00000000ac64af58) 
thrown [./open/src/hotspot/share/classfile/systemDictionary.cpp, line 226]
Event: 7.082 Thread 0x0000000022ab2800 Exception <a 'java/lang/NoSuchMethodError'{0x00000000a848d9d0}: 'java.lang.Object java.lang.invoke.DirectMethodHandle$Holder.invokeInterface(java.lang.Object, java.lang.Object, java.lang.Object, java.lang.Object)'> (0x00000000a848d9d0) 
thrown [./open/src/hotspot/share/interpreter/linkResolver.cpp, line 766]
Event: 7.631 Thread 0x0000000022ab2800 Exception <a 'java/lang/NoSuchMethodError'{0x00000000ac9891b0}: 'java.lang.Object java.lang.invoke.DirectMethodHandle$Holder.invokeInterface(java.lang.Object, java.lang.Object, java.lang.Object)'> (0x00000000ac9891b0) 
thrown [./open/src/hotspot/share/interpreter/linkResolver.cpp, line 766]
Event: 7.631 Thread 0x0000000022ab2800 Exception <a 'java/lang/IncompatibleClassChangeError'{0x00000000ac98be10}: Found class java.lang.Object, but interface was expected> (0x00000000ac98be10) 
thrown [./open/src/hotspot/share/interpreter/linkResolver.cpp, line 832]
Event: 7.718 Thread 0x0000000022ab2800 Exception <a 'java/lang/NoSuchMethodError'{0x00000000ac7ab2e8}: 'int java.lang.invoke.DirectMethodHandle$Holder.invokeStaticInit(java.lang.Object, java.lang.Object, java.lang.Object, java.lang.Object)'> (0x00000000ac7ab2e8) 
thrown [./open/src/hotspot/share/interpreter/linkResolver.cpp, line 766]
Event: 7.904 Thread 0x00000000263da800 Exception <a 'java/net/ConnectException'{0x00000000a9b00168}: Connection refused: no further information> (0x00000000a9b00168) 
thrown [./open/src/hotspot/share/prims/jni.cpp, line 620]
Event: 7.904 Thread 0x00000000263da800 Exception <a 'java/net/SocketException'{0x00000000a9b00b10}: Socket is not connected: shutdown> (0x00000000a9b00b10) 
thrown [./open/src/hotspot/share/prims/jni.cpp, line 620]
Event: 8.521 Thread 0x0000000022ab2800 Exception <a 'java/lang/Error'{0x00000000a96ae8d0}: IP Helper Library GetIpAddrTable function failed> (0x00000000a96ae8d0) 
thrown [./open/src/hotspot/share/prims/jni.cpp, line 620]

Events (20 events):
Event: 7.861 loading class sun/misc/Unsafe
Event: 7.861 loading class sun/misc/Unsafe done
Event: 7.872 loading class java/util/concurrent/atomic/AtomicIntegerArray
Event: 7.872 loading class java/util/concurrent/atomic/AtomicIntegerArray done
Event: 7.889 loading class java/util/concurrent/atomic/AtomicLongArray
Event: 7.889 loading class java/util/concurrent/atomic/AtomicLongArray done
Event: 7.903 loading class java/net/ConnectException
Event: 7.903 loading class java/net/SocketException
Event: 7.903 loading class java/net/SocketException done
Event: 7.903 loading class java/net/ConnectException done
Event: 7.904 loading class sun/net/util/SocketExceptions
Event: 7.904 loading class sun/net/util/SocketExceptions done
Event: 8.008 Thread 0x00000000263db800 Thread added: 0x00000000263db800
Event: 8.017 Executing VM operation: HandshakeOneThread
Event: 8.017 Executing VM operation: HandshakeOneThread done
Event: 8.019 Thread 0x00000000263dc000 Thread added: 0x00000000263dc000
Event: 8.019 Thread 0x00000000263dc000 Thread exited: 0x00000000263dc000
Event: 8.020 Thread 0x00000000263dc000 Thread added: 0x00000000263dc000
Event: 8.042 loading class jdk/internal/reflect/UnsafeIntegerFieldAccessorImpl
Event: 8.042 loading class jdk/internal/reflect/UnsafeIntegerFieldAccessorImpl done


Dynamic libraries:
0x000000013f640000 - 0x000000013f64f000 	C:\Program Files\Java\jdk-14.0.1\bin\javaw.exe
0x0000000077080000 - 0x0000000077229000 	C:\Windows\SYSTEM32\ntdll.dll
0x0000000076e60000 - 0x0000000076f7f000 	C:\Windows\system32\kernel32.dll
0x000007fefd210000 - 0x000007fefd27c000 	C:\Windows\system32\KERNELBASE.dll
0x000007fee8630000 - 0x000007fee8648000 	C:\Program Files\Java\jdk-14.0.1\bin\jli.dll
0x000007fefd880000 - 0x000007fefd95b000 	C:\Windows\system32\ADVAPI32.dll
0x000007fefda20000 - 0x000007fefdabf000 	C:\Windows\system32\msvcrt.dll
0x000007fefda00000 - 0x000007fefda1f000 	C:\Windows\SYSTEM32\sechost.dll
0x000007feff190000 - 0x000007feff2bd000 	C:\Windows\system32\RPCRT4.dll
0x000007fefb690000 - 0x000007fefb884000 	C:\Windows\WinSxS\amd64_microsoft.windows.common-controls_6595b64144ccf1df_6.0.7601.17514_none_fa396087175ac9ac\COMCTL32.dll
0x000007fefeb90000 - 0x000007fefebf7000 	C:\Windows\system32\GDI32.dll
0x0000000076f80000 - 0x000000007707a000 	C:\Windows\system32\USER32.dll
0x000007fefede0000 - 0x000007fefedee000 	C:\Windows\system32\LPK.dll
0x000007fefd3f0000 - 0x000007fefd4b9000 	C:\Windows\system32\USP10.dll
0x000007fefe980000 - 0x000007fefe9f1000 	C:\Windows\system32\SHLWAPI.dll
0x000007fefc130000 - 0x000007fefc13c000 	C:\Windows\system32\VERSION.dll
0x000007fef6fa0000 - 0x000007fef6fb5000 	C:\Program Files\Java\jdk-14.0.1\bin\VCRUNTIME140.dll
0x000007fee8610000 - 0x000007fee8614000 	C:\Program Files\Java\jdk-14.0.1\bin\api-ms-win-crt-runtime-l1-1-0.dll
0x000007fee8510000 - 0x000007fee860c000 	C:\Program Files\Java\jdk-14.0.1\bin\ucrtbase.DLL
0x000007fee8620000 - 0x000007fee8623000 	C:\Program Files\Java\jdk-14.0.1\bin\api-ms-win-core-localization-l1-2-0.dll
0x000007fee84f0000 - 0x000007fee84f3000 	C:\Program Files\Java\jdk-14.0.1\bin\api-ms-win-core-processthreads-l1-1-1.dll
0x000007fee8500000 - 0x000007fee8503000 	C:\Program Files\Java\jdk-14.0.1\bin\api-ms-win-core-file-l1-2-0.dll
0x000007fee84d0000 - 0x000007fee84d3000 	C:\Program Files\Java\jdk-14.0.1\bin\api-ms-win-core-timezone-l1-1-0.dll
0x000007fee84e0000 - 0x000007fee84e3000 	C:\Program Files\Java\jdk-14.0.1\bin\api-ms-win-core-file-l2-1-0.dll
0x000007fee84b0000 - 0x000007fee84b3000 	C:\Program Files\Java\jdk-14.0.1\bin\api-ms-win-core-synch-l1-2-0.dll
0x000007fee84c0000 - 0x000007fee84c3000 	C:\Program Files\Java\jdk-14.0.1\bin\api-ms-win-crt-heap-l1-1-0.dll
0x000007fee8490000 - 0x000007fee8494000 	C:\Program Files\Java\jdk-14.0.1\bin\api-ms-win-crt-string-l1-1-0.dll
0x000007fee84a0000 - 0x000007fee84a4000 	C:\Program Files\Java\jdk-14.0.1\bin\api-ms-win-crt-stdio-l1-1-0.dll
0x000007fee8470000 - 0x000007fee8474000 	C:\Program Files\Java\jdk-14.0.1\bin\api-ms-win-crt-convert-l1-1-0.dll
0x000007fee8480000 - 0x000007fee8483000 	C:\Program Files\Java\jdk-14.0.1\bin\api-ms-win-crt-environment-l1-1-0.dll
0x000007fee8450000 - 0x000007fee8453000 	C:\Program Files\Java\jdk-14.0.1\bin\api-ms-win-crt-filesystem-l1-1-0.dll
0x000007fee8460000 - 0x000007fee8465000 	C:\Program Files\Java\jdk-14.0.1\bin\api-ms-win-crt-math-l1-1-0.dll
0x000007fee8430000 - 0x000007fee8433000 	C:\Program Files\Java\jdk-14.0.1\bin\api-ms-win-crt-locale-l1-1-0.dll
0x000007feff360000 - 0x000007feff38e000 	C:\Windows\system32\IMM32.DLL
0x000007fefd770000 - 0x000007fefd879000 	C:\Windows\system32\MSCTF.dll
0x000007fee8390000 - 0x000007fee842b000 	C:\Program Files\Java\jdk-14.0.1\bin\msvcp140.dll
0x000007fee8440000 - 0x000007fee8443000 	C:\Program Files\Java\jdk-14.0.1\bin\api-ms-win-crt-time-l1-1-0.dll
0x000007fee8370000 - 0x000007fee8373000 	C:\Program Files\Java\jdk-14.0.1\bin\api-ms-win-crt-utility-l1-1-0.dll
0x000007fee8a70000 - 0x000007fee958e000 	C:\Program Files\Java\jdk-14.0.1\bin\server\jvm.dll
0x000007feea290000 - 0x000007feea299000 	C:\Windows\system32\WSOCK32.dll
0x000007fefd3a0000 - 0x000007fefd3ed000 	C:\Windows\system32\WS2_32.dll
0x000007fefea00000 - 0x000007fefea08000 	C:\Windows\system32\NSI.dll
0x000007fef86e0000 - 0x000007fef871b000 	C:\Windows\system32\WINMM.dll
0x0000000077250000 - 0x0000000077257000 	C:\Windows\system32\PSAPI.DLL
0x000007fee89a0000 - 0x000007fee89aa000 	C:\Program Files\Java\jdk-14.0.1\bin\jimage.dll
0x000007feebde0000 - 0x000007feebf05000 	C:\Windows\system32\DBGHELP.DLL
0x000007fee8970000 - 0x000007fee8995000 	C:\Program Files\Java\jdk-14.0.1\bin\java.dll
0x000007fee8950000 - 0x000007fee8966000 	C:\Program Files\Java\jdk-14.0.1\bin\zip.dll
0x000007fefdac0000 - 0x000007fefe848000 	C:\Windows\system32\SHELL32.dll
0x000007fefd560000 - 0x000007fefd763000 	C:\Windows\system32\ole32.dll
0x000007fefcfd0000 - 0x000007fefcfdf000 	C:\Windows\system32\profapi.dll
0x000007fee8930000 - 0x000007fee8949000 	C:\Program Files\Java\jdk-14.0.1\bin\net.dll
0x000007fef9910000 - 0x000007fef9981000 	C:\Windows\system32\WINHTTP.dll
0x000007fef96a0000 - 0x000007fef9704000 	C:\Windows\system32\webio.dll
0x000007fefc840000 - 0x000007fefc895000 	C:\Windows\system32\mswsock.dll
0x000007fefc830000 - 0x000007fefc837000 	C:\Windows\System32\wship6.dll
0x000007fee88f0000 - 0x000007fee8902000 	C:\Program Files\Java\jdk-14.0.1\bin\nio.dll
0x000007fee8380000 - 0x000007fee8389000 	C:\Program Files\Java\jdk-14.0.1\bin\management.dll
0x000007fee8350000 - 0x000007fee835b000 	C:\Program Files\Java\jdk-14.0.1\bin\management_ext.dll
0x000007fefbb30000 - 0x000007fefbb45000 	C:\Windows\system32\NLAapi.dll
0x000007fef8850000 - 0x000007fef8865000 	C:\Windows\system32\napinsp.dll
0x000007fef8830000 - 0x000007fef8849000 	C:\Windows\system32\pnrpnsp.dll
0x000007fefc6c0000 - 0x000007fefc71b000 	C:\Windows\system32\DNSAPI.dll
0x000007fef8820000 - 0x000007fef882b000 	C:\Windows\System32\winrnr.dll
0x000007fefc200000 - 0x000007fefc207000 	C:\Windows\System32\wshtcpip.dll
0x000007fefb5a0000 - 0x000007fefb5c7000 	C:\Windows\system32\IPHLPAPI.DLL
0x000007fefb590000 - 0x000007fefb59b000 	C:\Windows\system32\WINNSI.DLL
0x000007fef8d90000 - 0x000007fef8d98000 	C:\Windows\system32\rasadhlp.dll
0x000007fefb440000 - 0x000007fefb493000 	C:\Windows\System32\fwpuclnt.dll
0x000007fefc8a0000 - 0x000007fefc8b7000 	C:\Windows\system32\CRYPTSP.dll
0x000007fefc5a0000 - 0x000007fefc5e7000 	C:\Windows\system32\rsaenh.dll
0x000007fefc320000 - 0x000007fefc33e000 	C:\Windows\system32\USERENV.dll
0x000007fefcf00000 - 0x000007fefcf0f000 	C:\Windows\system32\CRYPTBASE.dll
0x000007fefb3a0000 - 0x000007fefb3b8000 	C:\Windows\system32\dhcpcsvc.DLL
0x000007fefb380000 - 0x000007fefb391000 	C:\Windows\system32\dhcpcsvc6.DLL

dbghelp: loaded successfully - version: 4.0.5 - missing functions: none
symbol engine: initialized successfully - sym options: 0x614 - pdb path: .;C:\Program Files\Java\jdk-14.0.1\bin;C:\Windows\SYSTEM32;C:\Windows\WinSxS\amd64_microsoft.windows.common-controls_6595b64144ccf1df_6.0.7601.17514_none_fa396087175ac9ac;C:\Program Files\Java\jdk-14.0.1\bin\server

VM Arguments:
jvm_args: -Dcom.sun.management.jmxremote -Dcom.sun.management.jmxremote.port=49672 -Dcom.sun.management.jmxremote.authenticate=false -Dcom.sun.management.jmxremote.ssl=false -Djava.rmi.server.hostname=localhost -Dspring.jmx.enabled=true -Dspring.application.admin.enabled=true -Xverify:none -XX:TieredStopAtLevel=1 -Dspring.boot.project.name=AuthService -Dfile.encoding=UTF-8 
java_command: com.libraryManagement.AuthServiceApplication
java_class_path (initial): D:\LibraryManagementSystem\AuthService\target\classes;C:\Users\Shilpa Raghav\.m2\repository\org\springframework\boot\spring-boot-starter-security\2.3.1.RELEASE\spring-boot-starter-security-2.3.1.RELEASE.jar;C:\Users\Shilpa Raghav\.m2\repository\org\springframework\boot\spring-boot-starter\2.3.1.RELEASE\spring-boot-starter-2.3.1.RELEASE.jar;C:\Users\Shilpa Raghav\.m2\repository\org\springframework\boot\spring-boot-starter-logging\2.3.1.RELEASE\spring-boot-starter-logging-2.3.1.RELEASE.jar;C:\Users\Shilpa Raghav\.m2\repository\ch\qos\logback\logback-classic\1.2.3\logback-classic-1.2.3.jar;C:\Users\Shilpa Raghav\.m2\repository\ch\qos\logback\logback-core\1.2.3\logback-core-1.2.3.jar;C:\Users\Shilpa Raghav\.m2\repository\org\apache\logging\log4j\log4j-to-slf4j\2.13.3\log4j-to-slf4j-2.13.3.jar;C:\Users\Shilpa Raghav\.m2\repository\org\apache\logging\log4j\log4j-api\2.13.3\log4j-api-2.13.3.jar;C:\Users\Shilpa Raghav\.m2\repository\org\slf4j\jul-to-slf4j\1.7.30\jul-to-slf4j-1.7.30.jar;C:\Users\Shilpa Raghav\.m2\repository\jakarta\annotation\jakarta.annotation-api\1.3.5\jakarta.annotation-api-1.3.5.jar;C:\Users\Shilpa Raghav\.m2\repository\org\yaml\snakeyaml\1.26\snakeyaml-1.26.jar;C:\Users\Shilpa Raghav\.m2\repository\org\springframework\spring-aop\5.2.7.RELEASE\spring-aop-5.2.7.RELEASE.jar;C:\Users\Shilpa Raghav\.m2\repository\org\springframework\spring-beans\5.2.7.RELEASE\spring-beans-5.2.7.RELEASE.jar;C:\Users\Shilpa Raghav\.m2\repository\org\springframework\security\spring-security-config\5.3.3.RELEASE\spring-security-config-5.3.3.RELEASE.jar;C:\Users\Shilpa Raghav\.m2\repository\org\springframework\spring-context\5.2.7.RELEASE\spring-context-5.2.7.RELEASE.jar;C:\Users\Shilpa Raghav\.m2\repository\org\springframework\security\spring-security-web\5.3.3.RELEASE\spring-security-web-5.3.3.RELEASE.jar;C:\Users\Shilpa Raghav\.m2\repository\org\springframework\spring-expression\5.2.7.RELEASE\spring-expression-5.2.7.RELEASE.jar;C:\Users\Shilpa Ragh
Launcher Type: SUN_STANDARD

[Global flags]
     intx CICompilerCount                          = 3                                         {product} {ergonomic}
     uint ConcGCThreads                            = 1                                         {product} {ergonomic}
     uint G1ConcRefinementThreads                  = 4                                         {product} {ergonomic}
   size_t G1HeapRegionSize                         = 1048576                                   {product} {ergonomic}
    uintx GCDrainStackTargetSize                   = 64                                        {product} {ergonomic}
   size_t InitialHeapSize                          = 96468992                                  {product} {ergonomic}
     bool ManagementServer                         = true                                      {product} {command line}
   size_t MarkStackSize                            = 4194304                                   {product} {ergonomic}
   size_t MaxHeapSize                              = 1541406720                                {product} {ergonomic}
   size_t MaxNewSize                               = 924844032                                 {product} {ergonomic}
   size_t MinHeapDeltaBytes                        = 1048576                                   {product} {ergonomic}
   size_t MinHeapSize                              = 8388608                                   {product} {ergonomic}
    uintx NonNMethodCodeHeapSize                   = 6973028                                {pd product} {ergonomic}
    uintx NonProfiledCodeHeapSize                  = 244685212                              {pd product} {ergonomic}
    uintx ProfiledCodeHeapSize                     = 0                                      {pd product} {ergonomic}
    uintx ReservedCodeCacheSize                    = 251658240                              {pd product} {ergonomic}
     bool SegmentedCodeCache                       = true                                      {product} {ergonomic}
   size_t SoftMaxHeapSize                          = 1541406720                             {manageable} {ergonomic}
     intx TieredStopAtLevel                        = 1                                         {product} {command line}
     bool UseCompressedClassPointers               = true                                 {lp64_product} {ergonomic}
     bool UseCompressedOops                        = true                                 {lp64_product} {ergonomic}
     bool UseG1GC                                  = true                                      {product} {ergonomic}
     bool UseLargePagesIndividualAllocation        = false                                  {pd product} {ergonomic}

Logging:
Log output configuration:
 #0: stdout all=warning uptime,level,tags
 #1: stderr all=off uptime,level,tags

Environment Variables:
PATH=C:/Program Files/java/jdk-14.0.1/bin/server;C:/Program Files/java/jdk-14.0.1/bin;C:\Windows\system32;C:\Windows;C:\Windows\System32\Wbem;C:\Windows\System32\WindowsPowerShell\v1.0\;C:\Program Files\nodejs\;C:\Program Files\Microsoft VS Code\bin;C:\Program Files\java\jdk-14.0.1\bin;C:\Program Files\Git\cmd;C:\Users\Shilpa Raghav\AppData\Local\Programs\Python\Python38\Scripts\;C:\Users\Shilpa Raghav\AppData\Local\Programs\Python\Python38\;C:\Users\Shilpa Raghav\AppData\Roaming\npm;D:\softwares window  64bit\eclipse;
USERNAME=Shilpa Raghav
OS=Windows_NT
PROCESSOR_IDENTIFIER=Intel64 Family 6 Model 37 Stepping 5, GenuineIntel



---------------  S Y S T E M  ---------------

OS: Windows 7 , 64 bit Build 7601 (6.1.7601.17617)
OS uptime: 0 days 2:46 hours

CPU:total 4 (initial active 4) (2 cores per cpu, 2 threads per core) family 6 model 37 stepping 5, cmov, cx8, fxsr, mmx, sse, sse2, sse3, ssse3, sse4.1, sse4.2, popcnt, aes, clmul, ht, tsc, tscinvbit

Memory: 4k page, system-wide physical 5876M (2118M free)
TotalPageFile size 11751M (AvailPageFile size 7547M)
current process WorkingSet (physical memory assigned to process): 210M, peak: 210M
current process commit charge ("private bytes"): 258M, peak: 286M

vm_info: Java HotSpot(TM) 64-Bit Server VM (14.0.1+7) for windows-amd64 JRE (14.0.1+7), built on Mar  5 2020 10:30:14 by "mach5one" with MS VC++ 15.9 (VS2017)

END.
